<?xml version="1.0" encoding="UTF-8"?>
<testsuite xmlns:xsi="http://www.w3.org/2001/XMLSchema-instance" xsi:noNamespaceSchemaLocation="https://maven.apache.org/surefire/maven-surefire-plugin/xsd/surefire-test-report-3.0.xsd" version="3.0" name="org.eclipse.leshan.server.demo.model.ValidateServerDemoModelsTest" time="2.7" tests="1" errors="0" skipped="0" failures="0">
  <properties>
    <property name="java.specification.version" value="13"/>
    <property name="sun.cpu.isalist" value="amd64"/>
    <property name="sun.jnu.encoding" value="Cp1252"/>
    <property name="java.class.path" value="C:\Users\s132054\Documents\IoT\leshan\leshan-server-demo\target\test-classes;C:\Users\s132054\Documents\IoT\leshan\leshan-server-demo\target\classes;C:\Users\s132054\.m2\repository\org\slf4j\slf4j-simple\1.7.30\slf4j-simple-1.7.30.jar;C:\Users\s132054\.m2\repository\org\slf4j\slf4j-api\1.7.30\slf4j-api-1.7.30.jar;C:\Users\s132054\.m2\repository\org\jmdns\jmdns\3.5.5\jmdns-3.5.5.jar;C:\Users\s132054\Documents\IoT\leshan\leshan-server-cf\target\leshan-server-cf-2.0.0-SNAPSHOT.jar;C:\Users\s132054\Documents\IoT\leshan\leshan-core-cf\target\leshan-core-cf-2.0.0-SNAPSHOT.jar;C:\Users\s132054\Documents\IoT\leshan\leshan-core\target\leshan-core-2.0.0-SNAPSHOT.jar;C:\Users\s132054\.m2\repository\com\fasterxml\jackson\core\jackson-databind\2.11.2\jackson-databind-2.11.2.jar;C:\Users\s132054\.m2\repository\com\fasterxml\jackson\core\jackson-annotations\2.11.2\jackson-annotations-2.11.2.jar;C:\Users\s132054\.m2\repository\com\fasterxml\jackson\core\jackson-core\2.11.2\jackson-core-2.11.2.jar;C:\Users\s132054\.m2\repository\com\fasterxml\jackson\dataformat\jackson-dataformat-cbor\2.11.2\jackson-dataformat-cbor-2.11.2.jar;C:\Users\s132054\Documents\IoT\leshan\leshan-server-core\target\leshan-server-core-2.0.0-SNAPSHOT.jar;C:\Users\s132054\.m2\repository\org\eclipse\californium\scandium\2.4.1\scandium-2.4.1.jar;C:\Users\s132054\Documents\IoT\leshan\leshan-server-redis\target\leshan-server-redis-2.0.0-SNAPSHOT.jar;C:\Users\s132054\.m2\repository\redis\clients\jedis\3.3.0\jedis-3.3.0.jar;C:\Users\s132054\.m2\repository\org\apache\commons\commons-pool2\2.6.2\commons-pool2-2.6.2.jar;C:\Users\s132054\.m2\repository\com\eclipsesource\minimal-json\minimal-json\0.9.5\minimal-json-0.9.5.jar;C:\Users\s132054\.m2\repository\commons-cli\commons-cli\1.4\commons-cli-1.4.jar;C:\Users\s132054\.m2\repository\org\eclipse\californium\californium-core\2.4.1\californium-core-2.4.1.jar;C:\Users\s132054\.m2\repository\org\eclipse\californium\californium-legal\2.4.1\californium-legal-2.4.1.jar;C:\Users\s132054\.m2\repository\org\eclipse\californium\element-connector\2.4.1\element-connector-2.4.1.jar;C:\Users\s132054\.m2\repository\commons-io\commons-io\2.8.0\commons-io-2.8.0.jar;C:\Users\s132054\.m2\repository\commons-lang\commons-lang\2.6\commons-lang-2.6.jar;C:\Users\s132054\.m2\repository\org\eclipse\jetty\jetty-webapp\9.4.31.v20200723\jetty-webapp-9.4.31.v20200723.jar;C:\Users\s132054\.m2\repository\org\eclipse\jetty\jetty-xml\9.4.31.v20200723\jetty-xml-9.4.31.v20200723.jar;C:\Users\s132054\.m2\repository\org\eclipse\jetty\jetty-servlet\9.4.31.v20200723\jetty-servlet-9.4.31.v20200723.jar;C:\Users\s132054\.m2\repository\org\eclipse\jetty\jetty-security\9.4.31.v20200723\jetty-security-9.4.31.v20200723.jar;C:\Users\s132054\.m2\repository\org\eclipse\jetty\jetty-server\9.4.31.v20200723\jetty-server-9.4.31.v20200723.jar;C:\Users\s132054\.m2\repository\javax\servlet\javax.servlet-api\3.1.0\javax.servlet-api-3.1.0.jar;C:\Users\s132054\.m2\repository\org\eclipse\jetty\jetty-servlets\9.4.31.v20200723\jetty-servlets-9.4.31.v20200723.jar;C:\Users\s132054\.m2\repository\org\eclipse\jetty\jetty-continuation\9.4.31.v20200723\jetty-continuation-9.4.31.v20200723.jar;C:\Users\s132054\.m2\repository\org\eclipse\jetty\jetty-http\9.4.31.v20200723\jetty-http-9.4.31.v20200723.jar;C:\Users\s132054\.m2\repository\org\eclipse\jetty\jetty-util\9.4.31.v20200723\jetty-util-9.4.31.v20200723.jar;C:\Users\s132054\.m2\repository\org\eclipse\jetty\jetty-io\9.4.31.v20200723\jetty-io-9.4.31.v20200723.jar;C:\Users\s132054\.m2\repository\com\google\code\gson\gson\2.8.6\gson-2.8.6.jar;C:\Users\s132054\.m2\repository\ch\qos\logback\logback-classic\1.2.3\logback-classic-1.2.3.jar;C:\Users\s132054\.m2\repository\ch\qos\logback\logback-core\1.2.3\logback-core-1.2.3.jar;C:\Users\s132054\.m2\repository\junit\junit\4.13\junit-4.13.jar;C:\Users\s132054\.m2\repository\org\hamcrest\hamcrest-core\1.3\hamcrest-core-1.3.jar;"/>
    <property name="java.vm.vendor" value="Oracle Corporation"/>
    <property name="sun.arch.data.model" value="64"/>
    <property name="user.variant" value=""/>
    <property name="java.vendor.url" value="https://java.oracle.com/"/>
    <property name="user.timezone" value="Europe/Berlin"/>
    <property name="os.name" value="Windows 10"/>
    <property name="java.vm.specification.version" value="13"/>
    <property name="sun.java.launcher" value="SUN_STANDARD"/>
    <property name="user.country" value="US"/>
    <property name="sun.boot.library.path" value="C:\Program Files\Java\jdk-13.0.1\bin"/>
    <property name="sun.java.command" value="C:\Users\s132054\AppData\Local\Temp\surefire15830232727338601696\surefirebooter1310766270645049923.jar C:\Users\s132054\AppData\Local\Temp\surefire15830232727338601696 2020-10-02T10-32-19_567-jvmRun1 surefire18034901483085864976tmp surefire_011159442668713835270tmp"/>
    <property name="jdk.debug" value="release"/>
    <property name="surefire.test.class.path" value="C:\Users\s132054\Documents\IoT\leshan\leshan-server-demo\target\test-classes;C:\Users\s132054\Documents\IoT\leshan\leshan-server-demo\target\classes;C:\Users\s132054\.m2\repository\org\slf4j\slf4j-simple\1.7.30\slf4j-simple-1.7.30.jar;C:\Users\s132054\.m2\repository\org\slf4j\slf4j-api\1.7.30\slf4j-api-1.7.30.jar;C:\Users\s132054\.m2\repository\org\jmdns\jmdns\3.5.5\jmdns-3.5.5.jar;C:\Users\s132054\Documents\IoT\leshan\leshan-server-cf\target\leshan-server-cf-2.0.0-SNAPSHOT.jar;C:\Users\s132054\Documents\IoT\leshan\leshan-core-cf\target\leshan-core-cf-2.0.0-SNAPSHOT.jar;C:\Users\s132054\Documents\IoT\leshan\leshan-core\target\leshan-core-2.0.0-SNAPSHOT.jar;C:\Users\s132054\.m2\repository\com\fasterxml\jackson\core\jackson-databind\2.11.2\jackson-databind-2.11.2.jar;C:\Users\s132054\.m2\repository\com\fasterxml\jackson\core\jackson-annotations\2.11.2\jackson-annotations-2.11.2.jar;C:\Users\s132054\.m2\repository\com\fasterxml\jackson\core\jackson-core\2.11.2\jackson-core-2.11.2.jar;C:\Users\s132054\.m2\repository\com\fasterxml\jackson\dataformat\jackson-dataformat-cbor\2.11.2\jackson-dataformat-cbor-2.11.2.jar;C:\Users\s132054\Documents\IoT\leshan\leshan-server-core\target\leshan-server-core-2.0.0-SNAPSHOT.jar;C:\Users\s132054\.m2\repository\org\eclipse\californium\scandium\2.4.1\scandium-2.4.1.jar;C:\Users\s132054\Documents\IoT\leshan\leshan-server-redis\target\leshan-server-redis-2.0.0-SNAPSHOT.jar;C:\Users\s132054\.m2\repository\redis\clients\jedis\3.3.0\jedis-3.3.0.jar;C:\Users\s132054\.m2\repository\org\apache\commons\commons-pool2\2.6.2\commons-pool2-2.6.2.jar;C:\Users\s132054\.m2\repository\com\eclipsesource\minimal-json\minimal-json\0.9.5\minimal-json-0.9.5.jar;C:\Users\s132054\.m2\repository\commons-cli\commons-cli\1.4\commons-cli-1.4.jar;C:\Users\s132054\.m2\repository\org\eclipse\californium\californium-core\2.4.1\californium-core-2.4.1.jar;C:\Users\s132054\.m2\repository\org\eclipse\californium\californium-legal\2.4.1\californium-legal-2.4.1.jar;C:\Users\s132054\.m2\repository\org\eclipse\californium\element-connector\2.4.1\element-connector-2.4.1.jar;C:\Users\s132054\.m2\repository\commons-io\commons-io\2.8.0\commons-io-2.8.0.jar;C:\Users\s132054\.m2\repository\commons-lang\commons-lang\2.6\commons-lang-2.6.jar;C:\Users\s132054\.m2\repository\org\eclipse\jetty\jetty-webapp\9.4.31.v20200723\jetty-webapp-9.4.31.v20200723.jar;C:\Users\s132054\.m2\repository\org\eclipse\jetty\jetty-xml\9.4.31.v20200723\jetty-xml-9.4.31.v20200723.jar;C:\Users\s132054\.m2\repository\org\eclipse\jetty\jetty-servlet\9.4.31.v20200723\jetty-servlet-9.4.31.v20200723.jar;C:\Users\s132054\.m2\repository\org\eclipse\jetty\jetty-security\9.4.31.v20200723\jetty-security-9.4.31.v20200723.jar;C:\Users\s132054\.m2\repository\org\eclipse\jetty\jetty-server\9.4.31.v20200723\jetty-server-9.4.31.v20200723.jar;C:\Users\s132054\.m2\repository\javax\servlet\javax.servlet-api\3.1.0\javax.servlet-api-3.1.0.jar;C:\Users\s132054\.m2\repository\org\eclipse\jetty\jetty-servlets\9.4.31.v20200723\jetty-servlets-9.4.31.v20200723.jar;C:\Users\s132054\.m2\repository\org\eclipse\jetty\jetty-continuation\9.4.31.v20200723\jetty-continuation-9.4.31.v20200723.jar;C:\Users\s132054\.m2\repository\org\eclipse\jetty\jetty-http\9.4.31.v20200723\jetty-http-9.4.31.v20200723.jar;C:\Users\s132054\.m2\repository\org\eclipse\jetty\jetty-util\9.4.31.v20200723\jetty-util-9.4.31.v20200723.jar;C:\Users\s132054\.m2\repository\org\eclipse\jetty\jetty-io\9.4.31.v20200723\jetty-io-9.4.31.v20200723.jar;C:\Users\s132054\.m2\repository\com\google\code\gson\gson\2.8.6\gson-2.8.6.jar;C:\Users\s132054\.m2\repository\ch\qos\logback\logback-classic\1.2.3\logback-classic-1.2.3.jar;C:\Users\s132054\.m2\repository\ch\qos\logback\logback-core\1.2.3\logback-core-1.2.3.jar;C:\Users\s132054\.m2\repository\junit\junit\4.13\junit-4.13.jar;C:\Users\s132054\.m2\repository\org\hamcrest\hamcrest-core\1.3\hamcrest-core-1.3.jar;"/>
    <property name="sun.cpu.endian" value="little"/>
    <property name="user.home" value="C:\Users\s132054"/>
    <property name="user.language" value="en"/>
    <property name="java.specification.vendor" value="Oracle Corporation"/>
    <property name="java.version.date" value="2019-10-15"/>
    <property name="java.home" value="C:\Program Files\Java\jdk-13.0.1"/>
    <property name="file.separator" value="\"/>
    <property name="basedir" value="C:\Users\s132054\Documents\IoT\leshan\leshan-server-demo"/>
    <property name="java.vm.compressedOopsMode" value="Zero based"/>
    <property name="line.separator" value="&#10;"/>
    <property name="java.vm.specification.vendor" value="Oracle Corporation"/>
    <property name="java.specification.name" value="Java Platform API Specification"/>
    <property name="logback.configurationFile" value="logback-leshan-test.xml"/>
    <property name="surefire.real.class.path" value="C:\Users\s132054\AppData\Local\Temp\surefire15830232727338601696\surefirebooter1310766270645049923.jar"/>
    <property name="user.script" value=""/>
    <property name="sun.management.compiler" value="HotSpot 64-Bit Tiered Compilers"/>
    <property name="java.runtime.version" value="13.0.1+9"/>
    <property name="user.name" value="s132054"/>
    <property name="path.separator" value=";"/>
    <property name="os.version" value="10.0"/>
    <property name="java.runtime.name" value="Java(TM) SE Runtime Environment"/>
    <property name="file.encoding" value="Cp1252"/>
    <property name="java.vm.name" value="Java HotSpot(TM) 64-Bit Server VM"/>
    <property name="localRepository" value="C:\Users\s132054\.m2\repository"/>
    <property name="java.vendor.url.bug" value="https://bugreport.java.com/bugreport/"/>
    <property name="java.io.tmpdir" value="C:\Users\s132054\AppData\Local\Temp\"/>
    <property name="java.version" value="13.0.1"/>
    <property name="user.dir" value="C:\Users\s132054\Documents\IoT\leshan\leshan-server-demo"/>
    <property name="os.arch" value="amd64"/>
    <property name="java.vm.specification.name" value="Java Virtual Machine Specification"/>
    <property name="sun.os.patch.level" value=""/>
    <property name="java.library.path" value="C:\Program Files\Java\jdk-13.0.1\bin;C:\windows\Sun\Java\bin;C:\windows\system32;C:\windows;C:/Program Files/Java/jdk-13.0.1/bin/server;C:/Program Files/Java/jdk-13.0.1/bin;C:/Users/s132054/AppData/Local/Temp/eoi1F57.tmp//plugins/org.eclipse.justj.openjdk.hotspot.jre.minimal.stripped.win32.x86_64_14.0.2.v20200815-0932/jre/bin/server;C:/Users/s132054/AppData/Local/Temp/eoi1F57.tmp//plugins/org.eclipse.justj.openjdk.hotspot.jre.minimal.stripped.win32.x86_64_14.0.2.v20200815-0932/jre/bin;C:\Program Files (x86)\Google\Chrome\Application;C:\Program Files (x86)\Common Files\Oracle\Java\javapath;C:\windows\system32;C:\windows;C:\windows\System32\Wbem;C:\windows\System32\WindowsPowerShell\v1.0\;C:\windows\System32\OpenSSH\;C:\Program Files (x86)\PuTTY\;C:\Program Files\MiKTeX 2.9\miktex\bin\x64\;C:\Program Files\Git\cmd;C:\Users\s132054\AppData\Local\Programs\Python\Python37\Scripts\;C:\Users\s132054\AppData\Local\Programs\Python\Python37\;C:\Users\s132054\AppData\Local\Programs\Python\Python38-32\Scripts\;C:\Users\s132054\AppData\Local\Programs\Python\Python38-32\;C:\Users\s132054\AppData\Local\Microsoft\WindowsApps;;C:\Users\s132054\AppData\Local\Programs\Microsoft VS Code\bin;C:\Users\s132054\Downloads;;C:\Users\s132054\Downloads;;."/>
    <property name="java.vm.info" value="mixed mode, sharing"/>
    <property name="java.vendor" value="Oracle Corporation"/>
    <property name="java.vm.version" value="13.0.1+9"/>
    <property name="sun.io.unicode.encoding" value="UnicodeLittle"/>
    <property name="java.class.version" value="57.0"/>
  </properties>
  <testcase name="validate_embedded_models" classname="org.eclipse.leshan.server.demo.model.ValidateServerDemoModelsTest" time="2.7"/>
</testsuite>